<?xml version="1.0" encoding="UTF-8"?>
<!-- Generated by org.testng.reporters.JUnitReportReporter -->
<testsuite hostname="Beta" failures="0" tests="2" name="testlayer.Signuptest" time="48.078" errors="0" timestamp="2022-02-01T13:23:00 EST" skipped="0">
  <testcase classname="testlayer.Signuptest" name="Signupclick" time="18.956"/>
  <system-out/>
  <testcase classname="testlayer.Signuptest" name="Loginclick" time="29.122"/>
  <system-out/>
</testsuite> <!-- testlayer.Signuptest -->
